<?xml version="1.0" encoding="UTF-8"?>
<testsuite name="falabella.com.co.Runners.Payment_Method_Runner" tests="0" skipped="0" failures="0" errors="0" timestamp="1970-01-01T00:00:00" hostname="DANIEL" time="0.0">
  <properties/>
  <system-out><![CDATA[
1 Scenarios (1 passed)
5 Steps (5 passed)
0m31,922s


]]></system-out>
  <system-err><![CDATA[SLF4J: Failed to load class "org.slf4j.impl.StaticLoggerBinder".
SLF4J: Defaulting to no-operation (NOP) logger implementation
SLF4J: See http://www.slf4j.org/codes.html#StaticLoggerBinder for further details.
]]></system-err>
</testsuite>
